0 info it worked if it ends with ok
1 verbose cli [ '/Users/tom6947/.nvm/versions/node/v6.3.0/bin/node',
1 verbose cli   '/Users/tom6947/.nvm/versions/node/v6.3.0/bin/npm',
1 verbose cli   'run',
1 verbose cli   'test',
1 verbose cli   '--',
1 verbose cli   '--watch' ]
2 info using npm@3.10.3
3 info using node@v6.3.0
4 verbose run-script [ 'pretest', 'test', 'posttest' ]
5 info lifecycle cedar-utils@1.0.0~pretest: cedar-utils@1.0.0
6 verbose lifecycle cedar-utils@1.0.0~pretest: unsafe-perm in lifecycle true
7 verbose lifecycle cedar-utils@1.0.0~pretest: PATH: /Users/tom6947/.nvm/versions/node/v6.3.0/lib/node_modules/npm/bin/node-gyp-bin:/Users/tom6947/code/cedar/packages/cedar-utils/node_modules/.bin:/Users/tom6947/.nvm/versions/node/v6.3.0/bin:/Users/tom6947/code/cedar/packages/cedar-utils/node_modules/.bin:/Users/tom6947/.config/yarn/link/node_modules/.bin:/Users/tom6947/code/cedar/packages/cedar-utils/node_modules/.bin:/Users/tom6947/.config/yarn/link/node_modules/.bin:/Users/tom6947/.nvm/versions/node/v6.3.0/lib/node_modules/yarn/bin/node-gyp-bin:/Users/tom6947/.nvm/versions/node/v6.3.0/bin:/usr/local/bin:/usr/bin:/bin:/usr/sbin:/sbin:/Users/tom6947/bin:/Users/tom6947/.nvm/versions/node/v6.3.0/bin
8 verbose lifecycle cedar-utils@1.0.0~pretest: CWD: /Users/tom6947/code/cedar/packages/cedar-utils
9 silly lifecycle cedar-utils@1.0.0~pretest: Args: [ '-c', 'npm run lint' ]
10 silly lifecycle cedar-utils@1.0.0~pretest: Returned: code: 1  signal: null
11 info lifecycle cedar-utils@1.0.0~pretest: Failed to exec pretest script
12 verbose stack Error: cedar-utils@1.0.0 pretest: `npm run lint`
12 verbose stack Exit status 1
12 verbose stack     at EventEmitter.<anonymous> (/Users/tom6947/.nvm/versions/node/v6.3.0/lib/node_modules/npm/lib/utils/lifecycle.js:242:16)
12 verbose stack     at emitTwo (events.js:106:13)
12 verbose stack     at EventEmitter.emit (events.js:191:7)
12 verbose stack     at ChildProcess.<anonymous> (/Users/tom6947/.nvm/versions/node/v6.3.0/lib/node_modules/npm/lib/utils/spawn.js:40:14)
12 verbose stack     at emitTwo (events.js:106:13)
12 verbose stack     at ChildProcess.emit (events.js:191:7)
12 verbose stack     at maybeClose (internal/child_process.js:852:16)
12 verbose stack     at Process.ChildProcess._handle.onexit (internal/child_process.js:215:5)
13 verbose pkgid cedar-utils@1.0.0
14 verbose cwd /Users/tom6947/code/cedar/packages/cedar-utils
15 error Darwin 15.4.0
16 error argv "/Users/tom6947/.nvm/versions/node/v6.3.0/bin/node" "/Users/tom6947/.nvm/versions/node/v6.3.0/bin/npm" "run" "test" "--" "--watch"
17 error node v6.3.0
18 error npm  v3.10.3
19 error code ELIFECYCLE
20 error cedar-utils@1.0.0 pretest: `npm run lint`
20 error Exit status 1
21 error Failed at the cedar-utils@1.0.0 pretest script 'npm run lint'.
21 error Make sure you have the latest version of node.js and npm installed.
21 error If you do, this is most likely a problem with the cedar-utils package,
21 error not with npm itself.
21 error Tell the author that this fails on your system:
21 error     npm run lint
21 error You can get information on how to open an issue for this project with:
21 error     npm bugs cedar-utils
21 error Or if that isn't available, you can get their info via:
21 error     npm owner ls cedar-utils
21 error There is likely additional logging output above.
22 verbose exit [ 1, true ]
